<?xml version="1.0" encoding="UTF-8"?>
<!-- Generated by org.testng.reporters.JUnitReportReporter -->
<testsuite hostname="Ankush" failures="0" tests="1" name="com.ecom.testClass.HomePageTest" time="3.021" errors="0" timestamp="2024-05-31T17:18:52 IST" skipped="0">
  <testcase classname="com.ecom.testClass.HomePageTest" name="VerifySerchBox" time="3.021"/>
  <system-out/>
</testsuite> <!-- com.ecom.testClass.HomePageTest -->
