<?xml version="1.0" encoding="UTF-8"?>
<!-- Generated by org.testng.reporters.JUnitReportReporter -->
<testsuite hostname="Ankush" failures="0" tests="1" name="com.ecom.baseClass.SetUpBrowser" time="2.574" errors="0" timestamp="2024-05-31T12:42:03 IST" skipped="0">
  <testcase classname="com.ecom.baseClass.SetUpBrowser" name="VerifySerchBox" time="2.574"/>
  <system-out/>
</testsuite> <!-- com.ecom.baseClass.SetUpBrowser -->
